0 info it worked if it ends with ok
1 verbose cli [ '/usr/local/bin/node',
1 verbose cli   '/usr/local/bin/npm',
1 verbose cli   'start',
1 verbose cli   '--production' ]
2 info using npm@3.6.0
3 info using node@v5.6.0
4 verbose run-script [ 'prestart', 'start', 'poststart' ]
5 info lifecycle tangituru@~prestart: tangituru@
6 silly lifecycle tangituru@~prestart: no script for prestart, continuing
7 info lifecycle tangituru@~start: tangituru@
8 verbose lifecycle tangituru@~start: unsafe-perm in lifecycle true
9 verbose lifecycle tangituru@~start: PATH: /usr/local/lib/node_modules/npm/bin/node-gyp-bin:/mnt/developer/Blog/tangituru/node_modules/.bin:/usr/local/sbin:/usr/local/bin:/usr/bin:/opt/android-sdk/platform-tools:/usr/lib/jvm/default/bin:/usr/bin/site_perl:/usr/bin/vendor_perl:/usr/bin/core_perl:/usr/include/vlc:/home/mshodiqul/.gem/ruby/2.3.0/bin:/mnt/developer/OS/android-sdk-linux/tools:/mnt/developer/OS/android-sdk-linux/platforms
10 verbose lifecycle tangituru@~start: CWD: /mnt/developer/Blog/tangituru
11 silly lifecycle tangituru@~start: Args: [ '-c', 'node index' ]
12 silly lifecycle tangituru@~start: Returned: code: 255  signal: null
13 info lifecycle tangituru@~start: Failed to exec start script
14 verbose stack Error: tangituru@ start: `node index`
14 verbose stack Exit status 255
14 verbose stack     at EventEmitter.<anonymous> (/usr/local/lib/node_modules/npm/lib/utils/lifecycle.js:232:16)
14 verbose stack     at emitTwo (events.js:100:13)
14 verbose stack     at EventEmitter.emit (events.js:185:7)
14 verbose stack     at ChildProcess.<anonymous> (/usr/local/lib/node_modules/npm/lib/utils/spawn.js:24:14)
14 verbose stack     at emitTwo (events.js:100:13)
14 verbose stack     at ChildProcess.emit (events.js:185:7)
14 verbose stack     at maybeClose (internal/child_process.js:827:16)
14 verbose stack     at Process.ChildProcess._handle.onexit (internal/child_process.js:211:5)
15 verbose pkgid tangituru@
16 verbose cwd /mnt/developer/Blog/tangituru
17 error Linux 4.10.13-1-ARCH
18 error argv "/usr/local/bin/node" "/usr/local/bin/npm" "start" "--production"
19 error node v5.6.0
20 error npm  v3.6.0
21 error code ELIFECYCLE
22 error tangituru@ start: `node index`
22 error Exit status 255
23 error Failed at the tangituru@ start script 'node index'.
23 error Make sure you have the latest version of node.js and npm installed.
23 error If you do, this is most likely a problem with the tangituru package,
23 error not with npm itself.
23 error Tell the author that this fails on your system:
23 error     node index
23 error You can get information on how to open an issue for this project with:
23 error     npm bugs tangituru
23 error Or if that isn't available, you can get their info via:
23 error     npm owner ls tangituru
23 error There is likely additional logging output above.
24 verbose exit [ 1, true ]
